<?xml version="1.0" encoding="UTF-8"?>
<!-- Generated by org.testng.reporters.JUnitReportReporter -->
<testsuite hostname="Divante" failures="0" tests="1" name="mavenproject.apitests.PartialUpdate" time="3.490" errors="0" timestamp="2024-08-14T11:11:29 CDT" skipped="0">
  <testcase classname="mavenproject.apitests.PartialUpdate" name="createBookingTest" time="3.490"/>
</testsuite> <!-- mavenproject.apitests.PartialUpdate -->
