<?xml version="1.0" encoding="UTF-8"?>
<!-- Generated by org.testng.reporters.JUnitReportReporter -->
<testsuite hostname="Divante" failures="0" tests="1" name="mavenproject.apitests.PutTest" time="3.309" errors="0" timestamp="2024-08-14T09:52:14 CDT" skipped="0">
  <testcase classname="mavenproject.apitests.PutTest" name="createBookingTest" time="3.309"/>
</testsuite> <!-- mavenproject.apitests.PutTest -->
