<?xml version="1.0" encoding="UTF-8"?>
<!-- Generated by org.testng.reporters.JUnitReportReporter -->
<testsuite hostname="Divante" failures="0" tests="3" name="mavenproject.apitests.GetBookingIdsTest" time="5.245" errors="0" timestamp="2024-08-15T10:14:27 CDT" skipped="0">
  <testcase classname="mavenproject.apitests.GetBookingIdsTest" name="getBookingIdsWithFilterTest" time="1.886"/>
  <testcase classname="mavenproject.apitests.GetBookingIdsTest" name="getBookingIDsWithoutFilterTest" time="1.886"/>
  <testcase classname="mavenproject.apitests.GetBookingIdsTest" name="tryingThis" time="1.473"/>
</testsuite> <!-- mavenproject.apitests.GetBookingIdsTest -->
