<?xml version="1.0" encoding="UTF-8"?>
<!-- Generated by org.testng.reporters.JUnitReportReporter -->
<testsuite hostname="Divante" failures="0" tests="1" name="mavenproject.apitests.GetBookingIdsWithoutFilterTest" time="1.909" errors="0" timestamp="2024-08-13T14:36:57 CDT" skipped="0">
  <testcase classname="mavenproject.apitests.GetBookingIdsWithoutFilterTest" name="GetBookingIdsNoFilter" time="1.909"/>
</testsuite> <!-- mavenproject.apitests.GetBookingIdsWithoutFilterTest -->
