<?xml version="1.0" encoding="UTF-8"?>
<!-- Generated by org.testng.reporters.JUnitReportReporter -->
<testsuite hostname="Divante" failures="0" tests="1" name="mavenproject.apitests.CreateBookingTests" time="2.238" errors="0" timestamp="2024-08-13T16:49:29 CDT" skipped="0">
  <testcase classname="mavenproject.apitests.CreateBookingTests" name="createBookingTest" time="2.238"/>
</testsuite> <!-- mavenproject.apitests.CreateBookingTests -->
