<?xml version="1.0" encoding="UTF-8"?>
<!-- Generated by org.testng.reporters.JUnitReportReporter -->
<testsuite hostname="Divante" failures="0" tests="1" name="mavenproject.apitests.BookingTests" time="2.565" errors="0" timestamp="2024-08-15T12:18:23 CDT" skipped="0">
  <testcase classname="mavenproject.apitests.BookingTests" name="bookingTests" time="2.565"/>
</testsuite> <!-- mavenproject.apitests.BookingTests -->
