<?xml version="1.0" encoding="UTF-8"?>
<!-- Generated by org.testng.reporters.JUnitReportReporter -->
<testsuite hostname="Divante" failures="0" tests="1" name="mavenproject.apitests.Delete" time="3.511" errors="0" timestamp="2024-08-14T11:55:35 CDT" skipped="0">
  <testcase classname="mavenproject.apitests.Delete" name="createBookingTest" time="3.511"/>
</testsuite> <!-- mavenproject.apitests.Delete -->
