<?xml version="1.0" encoding="UTF-8"?>
<!-- Generated by org.testng.reporters.JUnitReportReporter -->
<testsuite hostname="Divante" failures="0" tests="1" name="mavenproject.apitests.GetBookingTests" time="2.192" errors="0" timestamp="2024-08-15T09:32:54 CDT" skipped="0">
  <testcase classname="mavenproject.apitests.GetBookingTests" name="GetBookingIdsNoFilter" time="2.192"/>
</testsuite> <!-- mavenproject.apitests.GetBookingTests -->
