<?xml version="1.0" encoding="UTF-8"?>
<!-- Generated by org.testng.reporters.JUnitReportReporter -->
<testsuite hostname="Divante" failures="0" tests="2" name="mavenproject.apitests.HealthCheckTest" time="3.065" errors="0" timestamp="2024-08-15T10:38:43 CDT" skipped="0">
  <testcase classname="mavenproject.apitests.HealthCheckTest" name="headersAndCookies" time="1.522"/>
  <testcase classname="mavenproject.apitests.HealthCheckTest" name="HealthCheckTest" time="1.543"/>
</testsuite> <!-- mavenproject.apitests.HealthCheckTest -->
