<?xml version="1.0" encoding="UTF-8"?>
<!-- Generated by org.testng.reporters.JUnitReportReporter -->
<testsuite hostname="Divante" failures="0" tests="1" name="mavenproject.apitests.GetBookingXML" time="1.916" errors="0" timestamp="2024-08-15T10:58:38 CDT" skipped="0">
  <testcase classname="mavenproject.apitests.GetBookingXML" name="xmlTest" time="1.916"/>
</testsuite> <!-- mavenproject.apitests.GetBookingXML -->
