<?xml version="1.0" encoding="UTF-8"?>
<testsuite xmlns:xsi="http://www.w3.org/2001/XMLSchema-instance" xsi:noNamespaceSchemaLocation="https://maven.apache.org/surefire/maven-surefire-plugin/xsd/surefire-test-report-3.0.xsd" version="3.0" name="runners.TestRunner" time="23.963" tests="5" errors="1" skipped="0" failures="2">
  <properties>
    <property name="java.specification.version" value="22"/>
    <property name="sun.cpu.isalist" value="amd64"/>
    <property name="sun.jnu.encoding" value="Cp1252"/>
    <property name="java.class.path" value="C:\JavaTest1\testing\target\test-classes;C:\JavaTest1\testing\target\classes;C:\Users\d-d.parness\.m2\repository\org\assertj\assertj-core\3.26.3\assertj-core-3.26.3.jar;C:\Users\d-d.parness\.m2\repository\net\bytebuddy\byte-buddy\1.14.18\byte-buddy-1.14.18.jar;C:\Users\d-d.parness\.m2\repository\io\qameta\allure\allure-cucumber7-jvm\2.28.0\allure-cucumber7-jvm-2.28.0.jar;C:\Users\d-d.parness\.m2\repository\io\qameta\allure\allure-java-commons\2.28.0\allure-java-commons-2.28.0.jar;C:\Users\d-d.parness\.m2\repository\io\qameta\allure\allure-model\2.28.0\allure-model-2.28.0.jar;C:\Users\d-d.parness\.m2\repository\io\cucumber\gherkin\26.2.0\gherkin-26.2.0.jar;C:\Users\d-d.parness\.m2\repository\org\aspectj\aspectjweaver\1.9.7\aspectjweaver-1.9.7.jar;C:\Users\d-d.parness\.m2\repository\io\qameta\allure\allure-maven\2.8\allure-maven-2.8.jar;C:\Users\d-d.parness\.m2\repository\org\slf4j\slf4j-api\1.7.25\slf4j-api-1.7.25.jar;C:\Users\d-d.parness\.m2\repository\org\apache\httpcomponents\httpclient\4.5.3\httpclient-4.5.3.jar;C:\Users\d-d.parness\.m2\repository\org\apache\httpcomponents\httpcore\4.4.6\httpcore-4.4.6.jar;C:\Users\d-d.parness\.m2\repository\commons-logging\commons-logging\1.2\commons-logging-1.2.jar;C:\Users\d-d.parness\.m2\repository\org\apache\maven\maven-core\3.3.9\maven-core-3.3.9.jar;C:\Users\d-d.parness\.m2\repository\org\apache\maven\maven-model\3.3.9\maven-model-3.3.9.jar;C:\Users\d-d.parness\.m2\repository\org\apache\maven\maven-settings\3.3.9\maven-settings-3.3.9.jar;C:\Users\d-d.parness\.m2\repository\org\apache\maven\maven-settings-builder\3.3.9\maven-settings-builder-3.3.9.jar;C:\Users\d-d.parness\.m2\repository\org\apache\maven\maven-builder-support\3.3.9\maven-builder-support-3.3.9.jar;C:\Users\d-d.parness\.m2\repository\org\apache\maven\maven-repository-metadata\3.3.9\maven-repository-metadata-3.3.9.jar;C:\Users\d-d.parness\.m2\repository\org\apache\maven\maven-artifact\3.3.9\maven-artifact-3.3.9.jar;C:\Users\d-d.parness\.m2\repository\org\apache\maven\maven-plugin-api\3.3.9\maven-plugin-api-3.3.9.jar;C:\Users\d-d.parness\.m2\repository\org\apache\maven\maven-model-builder\3.3.9\maven-model-builder-3.3.9.jar;C:\Users\d-d.parness\.m2\repository\org\apache\maven\maven-aether-provider\3.3.9\maven-aether-provider-3.3.9.jar;C:\Users\d-d.parness\.m2\repository\org\eclipse\aether\aether-spi\1.0.2.v20150114\aether-spi-1.0.2.v20150114.jar;C:\Users\d-d.parness\.m2\repository\org\eclipse\aether\aether-impl\1.0.2.v20150114\aether-impl-1.0.2.v20150114.jar;C:\Users\d-d.parness\.m2\repository\org\eclipse\aether\aether-api\1.0.2.v20150114\aether-api-1.0.2.v20150114.jar;C:\Users\d-d.parness\.m2\repository\org\eclipse\aether\aether-util\1.0.2.v20150114\aether-util-1.0.2.v20150114.jar;C:\Users\d-d.parness\.m2\repository\org\eclipse\sisu\org.eclipse.sisu.plexus\0.3.2\org.eclipse.sisu.plexus-0.3.2.jar;C:\Users\d-d.parness\.m2\repository\javax\enterprise\cdi-api\1.0\cdi-api-1.0.jar;C:\Users\d-d.parness\.m2\repository\javax\annotation\jsr250-api\1.0\jsr250-api-1.0.jar;C:\Users\d-d.parness\.m2\repository\org\eclipse\sisu\org.eclipse.sisu.inject\0.3.2\org.eclipse.sisu.inject-0.3.2.jar;C:\Users\d-d.parness\.m2\repository\com\google\inject\guice\4.0\guice-4.0-no_aop.jar;C:\Users\d-d.parness\.m2\repository\javax\inject\javax.inject\1\javax.inject-1.jar;C:\Users\d-d.parness\.m2\repository\aopalliance\aopalliance\1.0\aopalliance-1.0.jar;C:\Users\d-d.parness\.m2\repository\org\codehaus\plexus\plexus-interpolation\1.21\plexus-interpolation-1.21.jar;C:\Users\d-d.parness\.m2\repository\org\codehaus\plexus\plexus-utils\3.0.22\plexus-utils-3.0.22.jar;C:\Users\d-d.parness\.m2\repository\org\codehaus\plexus\plexus-classworlds\2.5.2\plexus-classworlds-2.5.2.jar;C:\Users\d-d.parness\.m2\repository\org\codehaus\plexus\plexus-component-annotations\1.6\plexus-component-annotations-1.6.jar;C:\Users\d-d.parness\.m2\repository\org\sonatype\plexus\plexus-sec-dispatcher\1.3\plexus-sec-dispatcher-1.3.jar;C:\Users\d-d.parness\.m2\repository\org\sonatype\plexus\plexus-cipher\1.4\plexus-cipher-1.4.jar;C:\Users\d-d.parness\.m2\repository\org\apache\commons\commons-lang3\3.4\commons-lang3-3.4.jar;C:\Users\d-d.parness\.m2\repository\org\apache\maven\reporting\maven-reporting-impl\2.4\maven-reporting-impl-2.4.jar;C:\Users\d-d.parness\.m2\repository\org\apache\maven\reporting\maven-reporting-api\3.0\maven-reporting-api-3.0.jar;C:\Users\d-d.parness\.m2\repository\org\apache\maven\maven-project\2.2.1\maven-project-2.2.1.jar;C:\Users\d-d.parness\.m2\repository\org\apache\maven\maven-profile\2.2.1\maven-profile-2.2.1.jar;C:\Users\d-d.parness\.m2\repository\org\apache\maven\maven-artifact-manager\2.2.1\maven-artifact-manager-2.2.1.jar;C:\Users\d-d.parness\.m2\repository\backport-util-concurrent\backport-util-concurrent\3.1\backport-util-concurrent-3.1.jar;C:\Users\d-d.parness\.m2\repository\org\apache\maven\maven-plugin-registry\2.2.1\maven-plugin-registry-2.2.1.jar;C:\Users\d-d.parness\.m2\repository\org\codehaus\plexus\plexus-container-default\1.0-alpha-9-stable-1\plexus-container-default-1.0-alpha-9-stable-1.jar;C:\Users\d-d.parness\.m2\repository\classworlds\classworlds\1.1-alpha-2\classworlds-1.1-alpha-2.jar;C:\Users\d-d.parness\.m2\repository\org\apache\maven\shared\maven-shared-utils\0.6\maven-shared-utils-0.6.jar;C:\Users\d-d.parness\.m2\repository\com\google\code\findbugs\jsr305\2.0.1\jsr305-2.0.1.jar;C:\Users\d-d.parness\.m2\repository\org\apache\maven\doxia\doxia-sink-api\1.6\doxia-sink-api-1.6.jar;C:\Users\d-d.parness\.m2\repository\org\apache\maven\doxia\doxia-logging-api\1.6\doxia-logging-api-1.6.jar;C:\Users\d-d.parness\.m2\repository\org\apache\maven\doxia\doxia-core\1.6\doxia-core-1.6.jar;C:\Users\d-d.parness\.m2\repository\xerces\xercesImpl\2.9.1\xercesImpl-2.9.1.jar;C:\Users\d-d.parness\.m2\repository\commons-lang\commons-lang\2.4\commons-lang-2.4.jar;C:\Users\d-d.parness\.m2\repository\xmlunit\xmlunit\1.5\xmlunit-1.5.jar;C:\Users\d-d.parness\.m2\repository\org\apache\maven\doxia\doxia-site-renderer\1.6\doxia-site-renderer-1.6.jar;C:\Users\d-d.parness\.m2\repository\org\apache\maven\doxia\doxia-decoration-model\1.6\doxia-decoration-model-1.6.jar;C:\Users\d-d.parness\.m2\repository\org\apache\maven\doxia\doxia-module-xhtml\1.6\doxia-module-xhtml-1.6.jar;C:\Users\d-d.parness\.m2\repository\org\apache\maven\doxia\doxia-module-fml\1.6\doxia-module-fml-1.6.jar;C:\Users\d-d.parness\.m2\repository\org\codehaus\plexus\plexus-i18n\1.0-beta-7\plexus-i18n-1.0-beta-7.jar;C:\Users\d-d.parness\.m2\repository\org\codehaus\plexus\plexus-velocity\1.1.7\plexus-velocity-1.1.7.jar;C:\Users\d-d.parness\.m2\repository\org\apache\velocity\velocity-tools\2.0\velocity-tools-2.0.jar;C:\Users\d-d.parness\.m2\repository\commons-chain\commons-chain\1.1\commons-chain-1.1.jar;C:\Users\d-d.parness\.m2\repository\dom4j\dom4j\1.1\dom4j-1.1.jar;C:\Users\d-d.parness\.m2\repository\sslext\sslext\1.2-0\sslext-1.2-0.jar;C:\Users\d-d.parness\.m2\repository\org\apache\struts\struts-core\1.3.8\struts-core-1.3.8.jar;C:\Users\d-d.parness\.m2\repository\antlr\antlr\2.7.2\antlr-2.7.2.jar;C:\Users\d-d.parness\.m2\repository\org\apache\struts\struts-taglib\1.3.8\struts-taglib-1.3.8.jar;C:\Users\d-d.parness\.m2\repository\org\apache\struts\struts-tiles\1.3.8\struts-tiles-1.3.8.jar;C:\Users\d-d.parness\.m2\repository\commons-validator\commons-validator\1.4.1\commons-validator-1.4.1.jar;C:\Users\d-d.parness\.m2\repository\commons-digester\commons-digester\1.8.1\commons-digester-1.8.1.jar;C:\Users\d-d.parness\.m2\repository\commons-beanutils\commons-beanutils\1.9.3\commons-beanutils-1.9.3.jar;C:\Users\d-d.parness\.m2\repository\commons-collections\commons-collections\3.2.2\commons-collections-3.2.2.jar;C:\Users\d-d.parness\.m2\repository\net\lingala\zip4j\zip4j\1.3.2\zip4j-1.3.2.jar;C:\Users\d-d.parness\.m2\repository\org\apache\commons\commons-exec\1.3\commons-exec-1.3.jar;C:\Users\d-d.parness\.m2\repository\org\apache\maven\plugin-tools\maven-plugin-annotations\3.2\maven-plugin-annotations-3.2.jar;C:\Users\d-d.parness\.m2\repository\org\apache\maven\plugins\maven-jxr-plugin\2.5\maven-jxr-plugin-2.5.jar;C:\Users\d-d.parness\.m2\repository\org\apache\velocity\velocity\1.5\velocity-1.5.jar;C:\Users\d-d.parness\.m2\repository\oro\oro\2.0.8\oro-2.0.8.jar;C:\Users\d-d.parness\.m2\repository\org\apache\maven\maven-jxr\2.5\maven-jxr-2.5.jar;C:\Users\d-d.parness\.m2\repository\org\apache\maven\wagon\wagon-provider-api\1.0\wagon-provider-api-1.0.jar;C:\Users\d-d.parness\.m2\repository\xml-apis\xml-apis\1.0.b2\xml-apis-1.0.b2.jar;C:\Users\d-d.parness\.m2\repository\xalan\xalan\2.7.0\xalan-2.7.0.jar;C:\Users\d-d.parness\.m2\repository\org\apache\logging\log4j\log4j-core\2.23.1\log4j-core-2.23.1.jar;C:\Users\d-d.parness\.m2\repository\org\apache\logging\log4j\log4j-api\2.23.1\log4j-api-2.23.1.jar;C:\Users\d-d.parness\.m2\repository\org\apache\poi\poi\5.3.0\poi-5.3.0.jar;C:\Users\d-d.parness\.m2\repository\commons-codec\commons-codec\1.17.0\commons-codec-1.17.0.jar;C:\Users\d-d.parness\.m2\repository\org\apache\commons\commons-collections4\4.4\commons-collections4-4.4.jar;C:\Users\d-d.parness\.m2\repository\org\apache\commons\commons-math3\3.6.1\commons-math3-3.6.1.jar;C:\Users\d-d.parness\.m2\repository\commons-io\commons-io\2.16.1\commons-io-2.16.1.jar;C:\Users\d-d.parness\.m2\repository\com\zaxxer\SparseBitSet\1.3\SparseBitSet-1.3.jar;C:\Users\d-d.parness\.m2\repository\org\apache\poi\poi-ooxml\5.3.0\poi-ooxml-5.3.0.jar;C:\Users\d-d.parness\.m2\repository\org\apache\poi\poi-ooxml-lite\5.3.0\poi-ooxml-lite-5.3.0.jar;C:\Users\d-d.parness\.m2\repository\org\apache\xmlbeans\xmlbeans\5.2.1\xmlbeans-5.2.1.jar;C:\Users\d-d.parness\.m2\repository\org\apache\commons\commons-compress\1.26.2\commons-compress-1.26.2.jar;C:\Users\d-d.parness\.m2\repository\com\github\virtuald\curvesapi\1.08\curvesapi-1.08.jar;C:\Users\d-d.parness\.m2\repository\ch\qos\logback\logback-classic\1.5.6\logback-classic-1.5.6.jar;C:\Users\d-d.parness\.m2\repository\ch\qos\logback\logback-core\1.5.6\logback-core-1.5.6.jar;C:\Users\d-d.parness\.m2\repository\com\fasterxml\jackson\core\jackson-databind\2.13.0\jackson-databind-2.13.0.jar;C:\Users\d-d.parness\.m2\repository\com\fasterxml\jackson\core\jackson-annotations\2.13.0\jackson-annotations-2.13.0.jar;C:\Users\d-d.parness\.m2\repository\com\fasterxml\jackson\core\jackson-core\2.13.0\jackson-core-2.13.0.jar;C:\Users\d-d.parness\.m2\repository\org\seleniumhq\selenium\selenium-chrome-driver\4.22.0\selenium-chrome-driver-4.22.0.jar;C:\Users\d-d.parness\.m2\repository\com\google\auto\service\auto-service-annotations\1.1.1\auto-service-annotations-1.1.1.jar;C:\Users\d-d.parness\.m2\repository\org\seleniumhq\selenium\selenium-api\4.22.0\selenium-api-4.22.0.jar;C:\Users\d-d.parness\.m2\repository\org\seleniumhq\selenium\selenium-chromium-driver\4.22.0\selenium-chromium-driver-4.22.0.jar;C:\Users\d-d.parness\.m2\repository\org\seleniumhq\selenium\selenium-json\4.22.0\selenium-json-4.22.0.jar;C:\Users\d-d.parness\.m2\repository\org\seleniumhq\selenium\selenium-manager\4.22.0\selenium-manager-4.22.0.jar;C:\Users\d-d.parness\.m2\repository\org\seleniumhq\selenium\selenium-os\4.22.0\selenium-os-4.22.0.jar;C:\Users\d-d.parness\.m2\repository\org\seleniumhq\selenium\selenium-remote-driver\4.22.0\selenium-remote-driver-4.22.0.jar;C:\Users\d-d.parness\.m2\repository\com\google\guava\guava\33.2.1-jre\guava-33.2.1-jre.jar;C:\Users\d-d.parness\.m2\repository\com\google\guava\failureaccess\1.0.2\failureaccess-1.0.2.jar;C:\Users\d-d.parness\.m2\repository\com\google\guava\listenablefuture\9999.0-empty-to-avoid-conflict-with-guava\listenablefuture-9999.0-empty-to-avoid-conflict-with-guava.jar;C:\Users\d-d.parness\.m2\repository\org\checkerframework\checker-qual\3.42.0\checker-qual-3.42.0.jar;C:\Users\d-d.parness\.m2\repository\com\google\errorprone\error_prone_annotations\2.26.1\error_prone_annotations-2.26.1.jar;C:\Users\d-d.parness\.m2\repository\com\google\j2objc\j2objc-annotations\3.0.0\j2objc-annotations-3.0.0.jar;C:\Users\d-d.parness\.m2\repository\io\opentelemetry\semconv\opentelemetry-semconv\1.25.0-alpha\opentelemetry-semconv-1.25.0-alpha.jar;C:\Users\d-d.parness\.m2\repository\io\opentelemetry\opentelemetry-api\1.39.0\opentelemetry-api-1.39.0.jar;C:\Users\d-d.parness\.m2\repository\io\opentelemetry\opentelemetry-context\1.39.0\opentelemetry-context-1.39.0.jar;C:\Users\d-d.parness\.m2\repository\io\opentelemetry\opentelemetry-exporter-logging\1.39.0\opentelemetry-exporter-logging-1.39.0.jar;C:\Users\d-d.parness\.m2\repository\io\opentelemetry\opentelemetry-sdk-common\1.39.0\opentelemetry-sdk-common-1.39.0.jar;C:\Users\d-d.parness\.m2\repository\io\opentelemetry\opentelemetry-sdk-extension-autoconfigure-spi\1.39.0\opentelemetry-sdk-extension-autoconfigure-spi-1.39.0.jar;C:\Users\d-d.parness\.m2\repository\io\opentelemetry\opentelemetry-sdk-extension-autoconfigure\1.39.0\opentelemetry-sdk-extension-autoconfigure-1.39.0.jar;C:\Users\d-d.parness\.m2\repository\io\opentelemetry\opentelemetry-api-incubator\1.39.0-alpha\opentelemetry-api-incubator-1.39.0-alpha.jar;C:\Users\d-d.parness\.m2\repository\io\opentelemetry\opentelemetry-sdk-trace\1.39.0\opentelemetry-sdk-trace-1.39.0.jar;C:\Users\d-d.parness\.m2\repository\io\opentelemetry\opentelemetry-sdk\1.39.0\opentelemetry-sdk-1.39.0.jar;C:\Users\d-d.parness\.m2\repository\io\opentelemetry\opentelemetry-sdk-metrics\1.39.0\opentelemetry-sdk-metrics-1.39.0.jar;C:\Users\d-d.parness\.m2\repository\io\opentelemetry\opentelemetry-sdk-logs\1.39.0\opentelemetry-sdk-logs-1.39.0.jar;C:\Users\d-d.parness\.m2\repository\org\seleniumhq\selenium\selenium-http\4.22.0\selenium-http-4.22.0.jar;C:\Users\d-d.parness\.m2\repository\dev\failsafe\failsafe\3.3.2\failsafe-3.3.2.jar;C:\Users\d-d.parness\.m2\repository\org\seleniumhq\selenium\selenium-java\4.22.0\selenium-java-4.22.0.jar;C:\Users\d-d.parness\.m2\repository\org\seleniumhq\selenium\selenium-devtools-v124\4.22.0\selenium-devtools-v124-4.22.0.jar;C:\Users\d-d.parness\.m2\repository\org\seleniumhq\selenium\selenium-devtools-v125\4.22.0\selenium-devtools-v125-4.22.0.jar;C:\Users\d-d.parness\.m2\repository\org\seleniumhq\selenium\selenium-devtools-v126\4.22.0\selenium-devtools-v126-4.22.0.jar;C:\Users\d-d.parness\.m2\repository\org\seleniumhq\selenium\selenium-devtools-v85\4.22.0\selenium-devtools-v85-4.22.0.jar;C:\Users\d-d.parness\.m2\repository\org\seleniumhq\selenium\selenium-edge-driver\4.22.0\selenium-edge-driver-4.22.0.jar;C:\Users\d-d.parness\.m2\repository\org\seleniumhq\selenium\selenium-firefox-driver\4.22.0\selenium-firefox-driver-4.22.0.jar;C:\Users\d-d.parness\.m2\repository\org\seleniumhq\selenium\selenium-ie-driver\4.22.0\selenium-ie-driver-4.22.0.jar;C:\Users\d-d.parness\.m2\repository\org\seleniumhq\selenium\selenium-safari-driver\4.22.0\selenium-safari-driver-4.22.0.jar;C:\Users\d-d.parness\.m2\repository\org\seleniumhq\selenium\selenium-support\4.22.0\selenium-support-4.22.0.jar;C:\Users\d-d.parness\.m2\repository\io\cucumber\cucumber-java\7.18.0\cucumber-java-7.18.0.jar;C:\Users\d-d.parness\.m2\repository\io\cucumber\cucumber-core\7.18.0\cucumber-core-7.18.0.jar;C:\Users\d-d.parness\.m2\repository\io\cucumber\cucumber-gherkin\7.18.0\cucumber-gherkin-7.18.0.jar;C:\Users\d-d.parness\.m2\repository\io\cucumber\cucumber-gherkin-messages\7.18.0\cucumber-gherkin-messages-7.18.0.jar;C:\Users\d-d.parness\.m2\repository\io\cucumber\messages\24.1.0\messages-24.1.0.jar;C:\Users\d-d.parness\.m2\repository\io\cucumber\testng-xml-formatter\0.1.0\testng-xml-formatter-0.1.0.jar;C:\Users\d-d.parness\.m2\repository\io\cucumber\query\12.2.0\query-12.2.0.jar;C:\Users\d-d.parness\.m2\repository\io\cucumber\tag-expressions\6.1.0\tag-expressions-6.1.0.jar;C:\Users\d-d.parness\.m2\repository\io\cucumber\cucumber-expressions\17.1.0\cucumber-expressions-17.1.0.jar;C:\Users\d-d.parness\.m2\repository\io\cucumber\datatable\7.18.0\datatable-7.18.0.jar;C:\Users\d-d.parness\.m2\repository\io\cucumber\cucumber-plugin\7.18.0\cucumber-plugin-7.18.0.jar;C:\Users\d-d.parness\.m2\repository\io\cucumber\docstring\7.18.0\docstring-7.18.0.jar;C:\Users\d-d.parness\.m2\repository\io\cucumber\html-formatter\21.3.1\html-formatter-21.3.1.jar;C:\Users\d-d.parness\.m2\repository\io\cucumber\junit-xml-formatter\0.4.0\junit-xml-formatter-0.4.0.jar;C:\Users\d-d.parness\.m2\repository\io\cucumber\ci-environment\10.0.1\ci-environment-10.0.1.jar;C:\Users\d-d.parness\.m2\repository\org\apiguardian\apiguardian-api\1.1.2\apiguardian-api-1.1.2.jar;C:\Users\d-d.parness\.m2\repository\io\cucumber\cucumber-junit\7.18.0\cucumber-junit-7.18.0.jar;C:\Users\d-d.parness\.m2\repository\junit\junit\4.11\junit-4.11.jar;C:\Users\d-d.parness\.m2\repository\org\hamcrest\hamcrest-core\1.3\hamcrest-core-1.3.jar;C:\Users\d-d.parness\.m2\repository\io\qameta\allure\allure-junit4\2.27.0\allure-junit4-2.27.0.jar;C:\Users\d-d.parness\.m2\repository\io\qameta\allure\allure-test-filter\2.27.0\allure-test-filter-2.27.0.jar;"/>
    <property name="java.vm.vendor" value="Oracle Corporation"/>
    <property name="sun.arch.data.model" value="64"/>
    <property name="user.variant" value=""/>
    <property name="java.vendor.url" value="https://java.oracle.com/"/>
    <property name="user.timezone" value="America/Chicago"/>
    <property name="os.name" value="Windows 10"/>
    <property name="java.vm.specification.version" value="22"/>
    <property name="sun.java.launcher" value="SUN_STANDARD"/>
    <property name="user.country" value="US"/>
    <property name="sun.boot.library.path" value="C:\Program Files\Java\jdk-22.0.1\bin"/>
    <property name="sun.java.command" value="C:\Users\d-d.parness\AppData\Local\Temp\surefire6625410777227032209\surefirebooter1055412808359679013.jar C:\Users\d-d.parness\AppData\Local\Temp\surefire6625410777227032209 2024-07-19T14-29-40_394-jvmRun1 surefire9823251722361999873tmp surefire_04777177894853920029tmp"/>
    <property name="jdk.debug" value="release"/>
    <property name="surefire.test.class.path" value="C:\JavaTest1\testing\target\test-classes;C:\JavaTest1\testing\target\classes;C:\Users\d-d.parness\.m2\repository\org\assertj\assertj-core\3.26.3\assertj-core-3.26.3.jar;C:\Users\d-d.parness\.m2\repository\net\bytebuddy\byte-buddy\1.14.18\byte-buddy-1.14.18.jar;C:\Users\d-d.parness\.m2\repository\io\qameta\allure\allure-cucumber7-jvm\2.28.0\allure-cucumber7-jvm-2.28.0.jar;C:\Users\d-d.parness\.m2\repository\io\qameta\allure\allure-java-commons\2.28.0\allure-java-commons-2.28.0.jar;C:\Users\d-d.parness\.m2\repository\io\qameta\allure\allure-model\2.28.0\allure-model-2.28.0.jar;C:\Users\d-d.parness\.m2\repository\io\cucumber\gherkin\26.2.0\gherkin-26.2.0.jar;C:\Users\d-d.parness\.m2\repository\org\aspectj\aspectjweaver\1.9.7\aspectjweaver-1.9.7.jar;C:\Users\d-d.parness\.m2\repository\io\qameta\allure\allure-maven\2.8\allure-maven-2.8.jar;C:\Users\d-d.parness\.m2\repository\org\slf4j\slf4j-api\1.7.25\slf4j-api-1.7.25.jar;C:\Users\d-d.parness\.m2\repository\org\apache\httpcomponents\httpclient\4.5.3\httpclient-4.5.3.jar;C:\Users\d-d.parness\.m2\repository\org\apache\httpcomponents\httpcore\4.4.6\httpcore-4.4.6.jar;C:\Users\d-d.parness\.m2\repository\commons-logging\commons-logging\1.2\commons-logging-1.2.jar;C:\Users\d-d.parness\.m2\repository\org\apache\maven\maven-core\3.3.9\maven-core-3.3.9.jar;C:\Users\d-d.parness\.m2\repository\org\apache\maven\maven-model\3.3.9\maven-model-3.3.9.jar;C:\Users\d-d.parness\.m2\repository\org\apache\maven\maven-settings\3.3.9\maven-settings-3.3.9.jar;C:\Users\d-d.parness\.m2\repository\org\apache\maven\maven-settings-builder\3.3.9\maven-settings-builder-3.3.9.jar;C:\Users\d-d.parness\.m2\repository\org\apache\maven\maven-builder-support\3.3.9\maven-builder-support-3.3.9.jar;C:\Users\d-d.parness\.m2\repository\org\apache\maven\maven-repository-metadata\3.3.9\maven-repository-metadata-3.3.9.jar;C:\Users\d-d.parness\.m2\repository\org\apache\maven\maven-artifact\3.3.9\maven-artifact-3.3.9.jar;C:\Users\d-d.parness\.m2\repository\org\apache\maven\maven-plugin-api\3.3.9\maven-plugin-api-3.3.9.jar;C:\Users\d-d.parness\.m2\repository\org\apache\maven\maven-model-builder\3.3.9\maven-model-builder-3.3.9.jar;C:\Users\d-d.parness\.m2\repository\org\apache\maven\maven-aether-provider\3.3.9\maven-aether-provider-3.3.9.jar;C:\Users\d-d.parness\.m2\repository\org\eclipse\aether\aether-spi\1.0.2.v20150114\aether-spi-1.0.2.v20150114.jar;C:\Users\d-d.parness\.m2\repository\org\eclipse\aether\aether-impl\1.0.2.v20150114\aether-impl-1.0.2.v20150114.jar;C:\Users\d-d.parness\.m2\repository\org\eclipse\aether\aether-api\1.0.2.v20150114\aether-api-1.0.2.v20150114.jar;C:\Users\d-d.parness\.m2\repository\org\eclipse\aether\aether-util\1.0.2.v20150114\aether-util-1.0.2.v20150114.jar;C:\Users\d-d.parness\.m2\repository\org\eclipse\sisu\org.eclipse.sisu.plexus\0.3.2\org.eclipse.sisu.plexus-0.3.2.jar;C:\Users\d-d.parness\.m2\repository\javax\enterprise\cdi-api\1.0\cdi-api-1.0.jar;C:\Users\d-d.parness\.m2\repository\javax\annotation\jsr250-api\1.0\jsr250-api-1.0.jar;C:\Users\d-d.parness\.m2\repository\org\eclipse\sisu\org.eclipse.sisu.inject\0.3.2\org.eclipse.sisu.inject-0.3.2.jar;C:\Users\d-d.parness\.m2\repository\com\google\inject\guice\4.0\guice-4.0-no_aop.jar;C:\Users\d-d.parness\.m2\repository\javax\inject\javax.inject\1\javax.inject-1.jar;C:\Users\d-d.parness\.m2\repository\aopalliance\aopalliance\1.0\aopalliance-1.0.jar;C:\Users\d-d.parness\.m2\repository\org\codehaus\plexus\plexus-interpolation\1.21\plexus-interpolation-1.21.jar;C:\Users\d-d.parness\.m2\repository\org\codehaus\plexus\plexus-utils\3.0.22\plexus-utils-3.0.22.jar;C:\Users\d-d.parness\.m2\repository\org\codehaus\plexus\plexus-classworlds\2.5.2\plexus-classworlds-2.5.2.jar;C:\Users\d-d.parness\.m2\repository\org\codehaus\plexus\plexus-component-annotations\1.6\plexus-component-annotations-1.6.jar;C:\Users\d-d.parness\.m2\repository\org\sonatype\plexus\plexus-sec-dispatcher\1.3\plexus-sec-dispatcher-1.3.jar;C:\Users\d-d.parness\.m2\repository\org\sonatype\plexus\plexus-cipher\1.4\plexus-cipher-1.4.jar;C:\Users\d-d.parness\.m2\repository\org\apache\commons\commons-lang3\3.4\commons-lang3-3.4.jar;C:\Users\d-d.parness\.m2\repository\org\apache\maven\reporting\maven-reporting-impl\2.4\maven-reporting-impl-2.4.jar;C:\Users\d-d.parness\.m2\repository\org\apache\maven\reporting\maven-reporting-api\3.0\maven-reporting-api-3.0.jar;C:\Users\d-d.parness\.m2\repository\org\apache\maven\maven-project\2.2.1\maven-project-2.2.1.jar;C:\Users\d-d.parness\.m2\repository\org\apache\maven\maven-profile\2.2.1\maven-profile-2.2.1.jar;C:\Users\d-d.parness\.m2\repository\org\apache\maven\maven-artifact-manager\2.2.1\maven-artifact-manager-2.2.1.jar;C:\Users\d-d.parness\.m2\repository\backport-util-concurrent\backport-util-concurrent\3.1\backport-util-concurrent-3.1.jar;C:\Users\d-d.parness\.m2\repository\org\apache\maven\maven-plugin-registry\2.2.1\maven-plugin-registry-2.2.1.jar;C:\Users\d-d.parness\.m2\repository\org\codehaus\plexus\plexus-container-default\1.0-alpha-9-stable-1\plexus-container-default-1.0-alpha-9-stable-1.jar;C:\Users\d-d.parness\.m2\repository\classworlds\classworlds\1.1-alpha-2\classworlds-1.1-alpha-2.jar;C:\Users\d-d.parness\.m2\repository\org\apache\maven\shared\maven-shared-utils\0.6\maven-shared-utils-0.6.jar;C:\Users\d-d.parness\.m2\repository\com\google\code\findbugs\jsr305\2.0.1\jsr305-2.0.1.jar;C:\Users\d-d.parness\.m2\repository\org\apache\maven\doxia\doxia-sink-api\1.6\doxia-sink-api-1.6.jar;C:\Users\d-d.parness\.m2\repository\org\apache\maven\doxia\doxia-logging-api\1.6\doxia-logging-api-1.6.jar;C:\Users\d-d.parness\.m2\repository\org\apache\maven\doxia\doxia-core\1.6\doxia-core-1.6.jar;C:\Users\d-d.parness\.m2\repository\xerces\xercesImpl\2.9.1\xercesImpl-2.9.1.jar;C:\Users\d-d.parness\.m2\repository\commons-lang\commons-lang\2.4\commons-lang-2.4.jar;C:\Users\d-d.parness\.m2\repository\xmlunit\xmlunit\1.5\xmlunit-1.5.jar;C:\Users\d-d.parness\.m2\repository\org\apache\maven\doxia\doxia-site-renderer\1.6\doxia-site-renderer-1.6.jar;C:\Users\d-d.parness\.m2\repository\org\apache\maven\doxia\doxia-decoration-model\1.6\doxia-decoration-model-1.6.jar;C:\Users\d-d.parness\.m2\repository\org\apache\maven\doxia\doxia-module-xhtml\1.6\doxia-module-xhtml-1.6.jar;C:\Users\d-d.parness\.m2\repository\org\apache\maven\doxia\doxia-module-fml\1.6\doxia-module-fml-1.6.jar;C:\Users\d-d.parness\.m2\repository\org\codehaus\plexus\plexus-i18n\1.0-beta-7\plexus-i18n-1.0-beta-7.jar;C:\Users\d-d.parness\.m2\repository\org\codehaus\plexus\plexus-velocity\1.1.7\plexus-velocity-1.1.7.jar;C:\Users\d-d.parness\.m2\repository\org\apache\velocity\velocity-tools\2.0\velocity-tools-2.0.jar;C:\Users\d-d.parness\.m2\repository\commons-chain\commons-chain\1.1\commons-chain-1.1.jar;C:\Users\d-d.parness\.m2\repository\dom4j\dom4j\1.1\dom4j-1.1.jar;C:\Users\d-d.parness\.m2\repository\sslext\sslext\1.2-0\sslext-1.2-0.jar;C:\Users\d-d.parness\.m2\repository\org\apache\struts\struts-core\1.3.8\struts-core-1.3.8.jar;C:\Users\d-d.parness\.m2\repository\antlr\antlr\2.7.2\antlr-2.7.2.jar;C:\Users\d-d.parness\.m2\repository\org\apache\struts\struts-taglib\1.3.8\struts-taglib-1.3.8.jar;C:\Users\d-d.parness\.m2\repository\org\apache\struts\struts-tiles\1.3.8\struts-tiles-1.3.8.jar;C:\Users\d-d.parness\.m2\repository\commons-validator\commons-validator\1.4.1\commons-validator-1.4.1.jar;C:\Users\d-d.parness\.m2\repository\commons-digester\commons-digester\1.8.1\commons-digester-1.8.1.jar;C:\Users\d-d.parness\.m2\repository\commons-beanutils\commons-beanutils\1.9.3\commons-beanutils-1.9.3.jar;C:\Users\d-d.parness\.m2\repository\commons-collections\commons-collections\3.2.2\commons-collections-3.2.2.jar;C:\Users\d-d.parness\.m2\repository\net\lingala\zip4j\zip4j\1.3.2\zip4j-1.3.2.jar;C:\Users\d-d.parness\.m2\repository\org\apache\commons\commons-exec\1.3\commons-exec-1.3.jar;C:\Users\d-d.parness\.m2\repository\org\apache\maven\plugin-tools\maven-plugin-annotations\3.2\maven-plugin-annotations-3.2.jar;C:\Users\d-d.parness\.m2\repository\org\apache\maven\plugins\maven-jxr-plugin\2.5\maven-jxr-plugin-2.5.jar;C:\Users\d-d.parness\.m2\repository\org\apache\velocity\velocity\1.5\velocity-1.5.jar;C:\Users\d-d.parness\.m2\repository\oro\oro\2.0.8\oro-2.0.8.jar;C:\Users\d-d.parness\.m2\repository\org\apache\maven\maven-jxr\2.5\maven-jxr-2.5.jar;C:\Users\d-d.parness\.m2\repository\org\apache\maven\wagon\wagon-provider-api\1.0\wagon-provider-api-1.0.jar;C:\Users\d-d.parness\.m2\repository\xml-apis\xml-apis\1.0.b2\xml-apis-1.0.b2.jar;C:\Users\d-d.parness\.m2\repository\xalan\xalan\2.7.0\xalan-2.7.0.jar;C:\Users\d-d.parness\.m2\repository\org\apache\logging\log4j\log4j-core\2.23.1\log4j-core-2.23.1.jar;C:\Users\d-d.parness\.m2\repository\org\apache\logging\log4j\log4j-api\2.23.1\log4j-api-2.23.1.jar;C:\Users\d-d.parness\.m2\repository\org\apache\poi\poi\5.3.0\poi-5.3.0.jar;C:\Users\d-d.parness\.m2\repository\commons-codec\commons-codec\1.17.0\commons-codec-1.17.0.jar;C:\Users\d-d.parness\.m2\repository\org\apache\commons\commons-collections4\4.4\commons-collections4-4.4.jar;C:\Users\d-d.parness\.m2\repository\org\apache\commons\commons-math3\3.6.1\commons-math3-3.6.1.jar;C:\Users\d-d.parness\.m2\repository\commons-io\commons-io\2.16.1\commons-io-2.16.1.jar;C:\Users\d-d.parness\.m2\repository\com\zaxxer\SparseBitSet\1.3\SparseBitSet-1.3.jar;C:\Users\d-d.parness\.m2\repository\org\apache\poi\poi-ooxml\5.3.0\poi-ooxml-5.3.0.jar;C:\Users\d-d.parness\.m2\repository\org\apache\poi\poi-ooxml-lite\5.3.0\poi-ooxml-lite-5.3.0.jar;C:\Users\d-d.parness\.m2\repository\org\apache\xmlbeans\xmlbeans\5.2.1\xmlbeans-5.2.1.jar;C:\Users\d-d.parness\.m2\repository\org\apache\commons\commons-compress\1.26.2\commons-compress-1.26.2.jar;C:\Users\d-d.parness\.m2\repository\com\github\virtuald\curvesapi\1.08\curvesapi-1.08.jar;C:\Users\d-d.parness\.m2\repository\ch\qos\logback\logback-classic\1.5.6\logback-classic-1.5.6.jar;C:\Users\d-d.parness\.m2\repository\ch\qos\logback\logback-core\1.5.6\logback-core-1.5.6.jar;C:\Users\d-d.parness\.m2\repository\com\fasterxml\jackson\core\jackson-databind\2.13.0\jackson-databind-2.13.0.jar;C:\Users\d-d.parness\.m2\repository\com\fasterxml\jackson\core\jackson-annotations\2.13.0\jackson-annotations-2.13.0.jar;C:\Users\d-d.parness\.m2\repository\com\fasterxml\jackson\core\jackson-core\2.13.0\jackson-core-2.13.0.jar;C:\Users\d-d.parness\.m2\repository\org\seleniumhq\selenium\selenium-chrome-driver\4.22.0\selenium-chrome-driver-4.22.0.jar;C:\Users\d-d.parness\.m2\repository\com\google\auto\service\auto-service-annotations\1.1.1\auto-service-annotations-1.1.1.jar;C:\Users\d-d.parness\.m2\repository\org\seleniumhq\selenium\selenium-api\4.22.0\selenium-api-4.22.0.jar;C:\Users\d-d.parness\.m2\repository\org\seleniumhq\selenium\selenium-chromium-driver\4.22.0\selenium-chromium-driver-4.22.0.jar;C:\Users\d-d.parness\.m2\repository\org\seleniumhq\selenium\selenium-json\4.22.0\selenium-json-4.22.0.jar;C:\Users\d-d.parness\.m2\repository\org\seleniumhq\selenium\selenium-manager\4.22.0\selenium-manager-4.22.0.jar;C:\Users\d-d.parness\.m2\repository\org\seleniumhq\selenium\selenium-os\4.22.0\selenium-os-4.22.0.jar;C:\Users\d-d.parness\.m2\repository\org\seleniumhq\selenium\selenium-remote-driver\4.22.0\selenium-remote-driver-4.22.0.jar;C:\Users\d-d.parness\.m2\repository\com\google\guava\guava\33.2.1-jre\guava-33.2.1-jre.jar;C:\Users\d-d.parness\.m2\repository\com\google\guava\failureaccess\1.0.2\failureaccess-1.0.2.jar;C:\Users\d-d.parness\.m2\repository\com\google\guava\listenablefuture\9999.0-empty-to-avoid-conflict-with-guava\listenablefuture-9999.0-empty-to-avoid-conflict-with-guava.jar;C:\Users\d-d.parness\.m2\repository\org\checkerframework\checker-qual\3.42.0\checker-qual-3.42.0.jar;C:\Users\d-d.parness\.m2\repository\com\google\errorprone\error_prone_annotations\2.26.1\error_prone_annotations-2.26.1.jar;C:\Users\d-d.parness\.m2\repository\com\google\j2objc\j2objc-annotations\3.0.0\j2objc-annotations-3.0.0.jar;C:\Users\d-d.parness\.m2\repository\io\opentelemetry\semconv\opentelemetry-semconv\1.25.0-alpha\opentelemetry-semconv-1.25.0-alpha.jar;C:\Users\d-d.parness\.m2\repository\io\opentelemetry\opentelemetry-api\1.39.0\opentelemetry-api-1.39.0.jar;C:\Users\d-d.parness\.m2\repository\io\opentelemetry\opentelemetry-context\1.39.0\opentelemetry-context-1.39.0.jar;C:\Users\d-d.parness\.m2\repository\io\opentelemetry\opentelemetry-exporter-logging\1.39.0\opentelemetry-exporter-logging-1.39.0.jar;C:\Users\d-d.parness\.m2\repository\io\opentelemetry\opentelemetry-sdk-common\1.39.0\opentelemetry-sdk-common-1.39.0.jar;C:\Users\d-d.parness\.m2\repository\io\opentelemetry\opentelemetry-sdk-extension-autoconfigure-spi\1.39.0\opentelemetry-sdk-extension-autoconfigure-spi-1.39.0.jar;C:\Users\d-d.parness\.m2\repository\io\opentelemetry\opentelemetry-sdk-extension-autoconfigure\1.39.0\opentelemetry-sdk-extension-autoconfigure-1.39.0.jar;C:\Users\d-d.parness\.m2\repository\io\opentelemetry\opentelemetry-api-incubator\1.39.0-alpha\opentelemetry-api-incubator-1.39.0-alpha.jar;C:\Users\d-d.parness\.m2\repository\io\opentelemetry\opentelemetry-sdk-trace\1.39.0\opentelemetry-sdk-trace-1.39.0.jar;C:\Users\d-d.parness\.m2\repository\io\opentelemetry\opentelemetry-sdk\1.39.0\opentelemetry-sdk-1.39.0.jar;C:\Users\d-d.parness\.m2\repository\io\opentelemetry\opentelemetry-sdk-metrics\1.39.0\opentelemetry-sdk-metrics-1.39.0.jar;C:\Users\d-d.parness\.m2\repository\io\opentelemetry\opentelemetry-sdk-logs\1.39.0\opentelemetry-sdk-logs-1.39.0.jar;C:\Users\d-d.parness\.m2\repository\org\seleniumhq\selenium\selenium-http\4.22.0\selenium-http-4.22.0.jar;C:\Users\d-d.parness\.m2\repository\dev\failsafe\failsafe\3.3.2\failsafe-3.3.2.jar;C:\Users\d-d.parness\.m2\repository\org\seleniumhq\selenium\selenium-java\4.22.0\selenium-java-4.22.0.jar;C:\Users\d-d.parness\.m2\repository\org\seleniumhq\selenium\selenium-devtools-v124\4.22.0\selenium-devtools-v124-4.22.0.jar;C:\Users\d-d.parness\.m2\repository\org\seleniumhq\selenium\selenium-devtools-v125\4.22.0\selenium-devtools-v125-4.22.0.jar;C:\Users\d-d.parness\.m2\repository\org\seleniumhq\selenium\selenium-devtools-v126\4.22.0\selenium-devtools-v126-4.22.0.jar;C:\Users\d-d.parness\.m2\repository\org\seleniumhq\selenium\selenium-devtools-v85\4.22.0\selenium-devtools-v85-4.22.0.jar;C:\Users\d-d.parness\.m2\repository\org\seleniumhq\selenium\selenium-edge-driver\4.22.0\selenium-edge-driver-4.22.0.jar;C:\Users\d-d.parness\.m2\repository\org\seleniumhq\selenium\selenium-firefox-driver\4.22.0\selenium-firefox-driver-4.22.0.jar;C:\Users\d-d.parness\.m2\repository\org\seleniumhq\selenium\selenium-ie-driver\4.22.0\selenium-ie-driver-4.22.0.jar;C:\Users\d-d.parness\.m2\repository\org\seleniumhq\selenium\selenium-safari-driver\4.22.0\selenium-safari-driver-4.22.0.jar;C:\Users\d-d.parness\.m2\repository\org\seleniumhq\selenium\selenium-support\4.22.0\selenium-support-4.22.0.jar;C:\Users\d-d.parness\.m2\repository\io\cucumber\cucumber-java\7.18.0\cucumber-java-7.18.0.jar;C:\Users\d-d.parness\.m2\repository\io\cucumber\cucumber-core\7.18.0\cucumber-core-7.18.0.jar;C:\Users\d-d.parness\.m2\repository\io\cucumber\cucumber-gherkin\7.18.0\cucumber-gherkin-7.18.0.jar;C:\Users\d-d.parness\.m2\repository\io\cucumber\cucumber-gherkin-messages\7.18.0\cucumber-gherkin-messages-7.18.0.jar;C:\Users\d-d.parness\.m2\repository\io\cucumber\messages\24.1.0\messages-24.1.0.jar;C:\Users\d-d.parness\.m2\repository\io\cucumber\testng-xml-formatter\0.1.0\testng-xml-formatter-0.1.0.jar;C:\Users\d-d.parness\.m2\repository\io\cucumber\query\12.2.0\query-12.2.0.jar;C:\Users\d-d.parness\.m2\repository\io\cucumber\tag-expressions\6.1.0\tag-expressions-6.1.0.jar;C:\Users\d-d.parness\.m2\repository\io\cucumber\cucumber-expressions\17.1.0\cucumber-expressions-17.1.0.jar;C:\Users\d-d.parness\.m2\repository\io\cucumber\datatable\7.18.0\datatable-7.18.0.jar;C:\Users\d-d.parness\.m2\repository\io\cucumber\cucumber-plugin\7.18.0\cucumber-plugin-7.18.0.jar;C:\Users\d-d.parness\.m2\repository\io\cucumber\docstring\7.18.0\docstring-7.18.0.jar;C:\Users\d-d.parness\.m2\repository\io\cucumber\html-formatter\21.3.1\html-formatter-21.3.1.jar;C:\Users\d-d.parness\.m2\repository\io\cucumber\junit-xml-formatter\0.4.0\junit-xml-formatter-0.4.0.jar;C:\Users\d-d.parness\.m2\repository\io\cucumber\ci-environment\10.0.1\ci-environment-10.0.1.jar;C:\Users\d-d.parness\.m2\repository\org\apiguardian\apiguardian-api\1.1.2\apiguardian-api-1.1.2.jar;C:\Users\d-d.parness\.m2\repository\io\cucumber\cucumber-junit\7.18.0\cucumber-junit-7.18.0.jar;C:\Users\d-d.parness\.m2\repository\junit\junit\4.11\junit-4.11.jar;C:\Users\d-d.parness\.m2\repository\org\hamcrest\hamcrest-core\1.3\hamcrest-core-1.3.jar;C:\Users\d-d.parness\.m2\repository\io\qameta\allure\allure-junit4\2.27.0\allure-junit4-2.27.0.jar;C:\Users\d-d.parness\.m2\repository\io\qameta\allure\allure-test-filter\2.27.0\allure-test-filter-2.27.0.jar;"/>
    <property name="sun.cpu.endian" value="little"/>
    <property name="user.home" value="C:\Users\d-d.parness"/>
    <property name="user.language" value="en"/>
    <property name="java.specification.vendor" value="Oracle Corporation"/>
    <property name="java.version.date" value="2024-04-16"/>
    <property name="java.home" value="C:\Program Files\Java\jdk-22.0.1"/>
    <property name="file.separator" value="\"/>
    <property name="basedir" value="C:\JavaTest1\testing"/>
    <property name="java.vm.compressedOopsMode" value="Zero based"/>
    <property name="line.separator" value="&#10;"/>
    <property name="java.vm.specification.vendor" value="Oracle Corporation"/>
    <property name="java.specification.name" value="Java Platform API Specification"/>
    <property name="surefire.real.class.path" value="C:\Users\d-d.parness\AppData\Local\Temp\surefire6625410777227032209\surefirebooter1055412808359679013.jar"/>
    <property name="user.script" value=""/>
    <property name="sun.management.compiler" value="HotSpot 64-Bit Tiered Compilers"/>
    <property name="java.runtime.version" value="22.0.1+8-16"/>
    <property name="user.name" value="d-d.parness"/>
    <property name="stdout.encoding" value="Cp1252"/>
    <property name="path.separator" value=";"/>
    <property name="os.version" value="10.0"/>
    <property name="java.runtime.name" value="Java(TM) SE Runtime Environment"/>
    <property name="file.encoding" value="UTF-8"/>
    <property name="java.vm.name" value="Java HotSpot(TM) 64-Bit Server VM"/>
    <property name="localRepository" value="C:\Users\d-d.parness\.m2\repository"/>
    <property name="java.vendor.url.bug" value="https://bugreport.java.com/bugreport/"/>
    <property name="java.io.tmpdir" value="C:\Users\D-D~1.PAR\AppData\Local\Temp\"/>
    <property name="java.version" value="22.0.1"/>
    <property name="user.dir" value="C:\JavaTest1\testing"/>
    <property name="os.arch" value="amd64"/>
    <property name="java.vm.specification.name" value="Java Virtual Machine Specification"/>
    <property name="sun.os.patch.level" value=""/>
    <property name="native.encoding" value="Cp1252"/>
    <property name="java.library.path" value="C:\Program Files\Java\jdk-22.0.1\bin;C:\windows\Sun\Java\bin;C:\windows\system32;C:\windows;C:\Program Files\Common Files\Oracle\Java\javapath;C:\Program Files (x86)\Common Files\Oracle\Java\java8path;C:\Program Files (x86)\Common Files\Oracle\Java\javapath;C:\windows\system32;C:\windows;C:\windows\System32\Wbem;C:\windows\System32\WindowsPowerShell\v1.0\;C:\windows\System32\OpenSSH\;C:\Program Files\Microsoft VS Code\bin;C:\Program Files\Git\cmd;C:\Program Files\Docker\Docker\resources\bin;C:\Users\d-d.parness\scoop\shims;C:\Users\d-d.parness\scoop\apps\allure\current\bin;C:\Program Files\Java\jdk-22.0.1\bin;C:\Maven\apache-maven-3.9.8;C:\Maven\apache-maven-3.9.8\bin;C:\Users\d-d.parness\AppData\Local\Programs\Python\Python312\Scripts\;C:\Users\d-d.parness\AppData\Local\Programs\Python\Python312\;C:\Users\d-d.parness\AppData\Local\Programs\Python\Launcher\;C:\Users\d-d.parness\AppData\Local\Microsoft\WindowsApps;C:\JavaTest1\drivers\chromedriver.exe;;."/>
    <property name="java.vm.info" value="mixed mode, sharing"/>
    <property name="stderr.encoding" value="Cp1252"/>
    <property name="java.vendor" value="Oracle Corporation"/>
    <property name="java.vm.version" value="22.0.1+8-16"/>
    <property name="sun.io.unicode.encoding" value="UnicodeLittle"/>
    <property name="java.class.version" value="66.0"/>
  </properties>
  <testcase name="Finish checkout #1" classname="Changing name to verify 10" time="6.487">
    <system-out><![CDATA[
@critical @verifyUserCanCheckout
Scenario Outline: Finish checkout                                 # src/test/java/resources/features/testing.feature:35
Verified URL
  Given User logs into Saucedemo page                             # steps.SecondSteps.check_user_url()
  Then User clicks on all add to cart buttons                     # steps.SecondSteps.check_user_clicks_on_all_add_to_cart_buttons()
  Then User clicks checkout button                                # steps.SecondSteps.check_user_clicks_checkout_button_and_enters_info_into_form()
first names are = Divante
first name = Parness
first name = 55112
  And enters "Divante" , "Parness" , and 55112 into form with int # steps.SecondSteps.enters_lirstName_lastName_and_zipCode_into_form(java.lang.String,java.lang.String,int)
  And clicks on the Continue button                               # steps.SecondSteps.check_user_clicks_continue_button()
  Given A user makes it to checkout overview page                 # steps.SecondSteps.check_user_makes_it_to_checkout_overview_page()
  Then User clicks on finish button                               # steps.SecondSteps.check_user_clicks_finish_button()
]]></system-out>
    <system-err><![CDATA[SLF4J: Failed to load class "org.slf4j.impl.StaticLoggerBinder".
SLF4J: Defaulting to no-operation (NOP) logger implementation
SLF4J: See http://www.slf4j.org/codes.html#StaticLoggerBinder for further details.
]]></system-err>
  </testcase>
  <testcase name="Finish checkout #2" classname="Changing name to verify 10" time="4.122">
    <failure message="expected:&lt;...o.com/checkout-step-[two].html&gt; but was:&lt;...o.com/checkout-step-[one].html&gt;" type="org.junit.ComparisonFailure"><![CDATA[org.junit.ComparisonFailure: expected:<...o.com/checkout-step-[two].html> but was:<...o.com/checkout-step-[one].html>
]]></failure>
    <system-out><![CDATA[
@critical @verifyUserCanCheckout
Scenario Outline: Finish checkout                          # src/test/java/resources/features/testing.feature:36
Verified URL
  Given User logs into Saucedemo page                      # steps.SecondSteps.check_user_url()
  Then User clicks on all add to cart buttons              # steps.SecondSteps.check_user_clicks_on_all_add_to_cart_buttons()
  Then User clicks checkout button                         # steps.SecondSteps.check_user_clicks_checkout_button_and_enters_info_into_form()
first names are = 
first name = Parness
first name = 55112
  And enters "" , "Parness" , and 55112 into form with int # steps.SecondSteps.enters_lirstName_lastName_and_zipCode_into_form(java.lang.String,java.lang.String,int)
  And clicks on the Continue button                        # steps.SecondSteps.check_user_clicks_continue_button()
  Given A user makes it to checkout overview page          # steps.SecondSteps.check_user_makes_it_to_checkout_overview_page()
      org.junit.ComparisonFailure: expected:<...o.com/checkout-step-[two].html> but was:<...o.com/checkout-step-[one].html>
	at org.junit.Assert.assertEquals(Assert.java:115)
	at org.junit.Assert.assertEquals(Assert.java:144)
	at steps.SecondSteps.check_user_makes_it_to_checkout_overview_page(SecondSteps.java:242)
	at ✽.A user makes it to checkout overview page(file:///C:/JavaTest1/testing/src/test/java/resources/features/testing.feature:30)

  Then User clicks on finish button                        # steps.SecondSteps.check_user_clicks_finish_button()
]]></system-out>
  </testcase>
  <testcase name="Finish checkout #3" classname="Changing name to verify 10" time="3.637">
    <failure message="expected:&lt;...o.com/checkout-step-[two].html&gt; but was:&lt;...o.com/checkout-step-[one].html&gt;" type="org.junit.ComparisonFailure"><![CDATA[org.junit.ComparisonFailure: expected:<...o.com/checkout-step-[two].html> but was:<...o.com/checkout-step-[one].html>
]]></failure>
    <system-out><![CDATA[
@critical @verifyUserCanCheckout
Scenario Outline: Finish checkout                          # src/test/java/resources/features/testing.feature:37
Verified URL
  Given User logs into Saucedemo page                      # steps.SecondSteps.check_user_url()
  Then User clicks on all add to cart buttons              # steps.SecondSteps.check_user_clicks_on_all_add_to_cart_buttons()
  Then User clicks checkout button                         # steps.SecondSteps.check_user_clicks_checkout_button_and_enters_info_into_form()
first names are = Divante
first name = 
first name = 55112
  And enters "Divante" , "" , and 55112 into form with int # steps.SecondSteps.enters_lirstName_lastName_and_zipCode_into_form(java.lang.String,java.lang.String,int)
  And clicks on the Continue button                        # steps.SecondSteps.check_user_clicks_continue_button()
  Given A user makes it to checkout overview page          # steps.SecondSteps.check_user_makes_it_to_checkout_overview_page()
      org.junit.ComparisonFailure: expected:<...o.com/checkout-step-[two].html> but was:<...o.com/checkout-step-[one].html>
	at org.junit.Assert.assertEquals(Assert.java:115)
	at org.junit.Assert.assertEquals(Assert.java:144)
	at steps.SecondSteps.check_user_makes_it_to_checkout_overview_page(SecondSteps.java:242)
	at ✽.A user makes it to checkout overview page(file:///C:/JavaTest1/testing/src/test/java/resources/features/testing.feature:30)

  Then User clicks on finish button                        # steps.SecondSteps.check_user_clicks_finish_button()
]]></system-out>
  </testcase>
  <testcase name="Finish checkout #4" classname="Changing name to verify 10" time="3.911">
    <error message="TODO: implement me" type="io.cucumber.java.PendingException"><![CDATA[io.cucumber.java.PendingException: TODO: implement me
]]></error>
    <system-out><![CDATA[
@critical @verifyUserCanCheckout
Scenario Outline: Finish checkout                            # src/test/java/resources/features/testing.feature:38
Verified URL
  Given User logs into Saucedemo page                        # steps.SecondSteps.check_user_url()
  Then User clicks on all add to cart buttons                # steps.SecondSteps.check_user_clicks_on_all_add_to_cart_buttons()
  Then User clicks checkout button                           # steps.SecondSteps.check_user_clicks_checkout_button_and_enters_info_into_form()
  And enters "Divante" , "Parness" , and  into form with int # steps.SecondSteps.enters_and_into_form_with_int(java.lang.String,java.lang.String)
      io.cucumber.java.PendingException: TODO: implement me
	at steps.SecondSteps.enters_and_into_form_with_int(SecondSteps.java:411)
	at ✽.enters "Divante" , "Parness" , and  into form with int(file:///C:/JavaTest1/testing/src/test/java/resources/features/testing.feature:28)

  And clicks on the Continue button                          # steps.SecondSteps.check_user_clicks_continue_button()
  Given A user makes it to checkout overview page            # steps.SecondSteps.check_user_makes_it_to_checkout_overview_page()
  Then User clicks on finish button                          # steps.SecondSteps.check_user_clicks_finish_button()
]]></system-out>
  </testcase>
  <testcase name="Finish checkout #5" classname="Changing name to verify 10" time="4.493">
    <system-out><![CDATA[
@critical @verifyUserCanCheckout
Scenario Outline: Finish checkout                               # src/test/java/resources/features/testing.feature:39
Verified URL
  Given User logs into Saucedemo page                           # steps.SecondSteps.check_user_url()
  Then User clicks on all add to cart buttons                   # steps.SecondSteps.check_user_clicks_on_all_add_to_cart_buttons()
  Then User clicks checkout button                              # steps.SecondSteps.check_user_clicks_checkout_button_and_enters_info_into_form()
first names are = Divante
first name = Parness
first name = 221
  And enters "Divante" , "Parness" , and 221 into form with int # steps.SecondSteps.enters_lirstName_lastName_and_zipCode_into_form(java.lang.String,java.lang.String,int)
  And clicks on the Continue button                             # steps.SecondSteps.check_user_clicks_continue_button()
  Given A user makes it to checkout overview page               # steps.SecondSteps.check_user_makes_it_to_checkout_overview_page()
  Then User clicks on finish button                             # steps.SecondSteps.check_user_clicks_finish_button()
]]></system-out>
  </testcase>
</testsuite>